0 info it worked if it ends with ok
1 verbose cli [ '/usr/bin/nodejs', '/usr/bin/npm', 'run', 'tsc' ]
2 info using npm@3.8.6
3 info using node@v5.12.0
4 verbose run-script [ 'pretsc', 'tsc', 'posttsc' ]
5 info lifecycle media-watch-list@1.0.0~pretsc: media-watch-list@1.0.0
6 silly lifecycle media-watch-list@1.0.0~pretsc: no script for pretsc, continuing
7 info lifecycle media-watch-list@1.0.0~tsc: media-watch-list@1.0.0
8 verbose lifecycle media-watch-list@1.0.0~tsc: unsafe-perm in lifecycle true
9 verbose lifecycle media-watch-list@1.0.0~tsc: PATH: /usr/lib/node_modules/npm/bin/node-gyp-bin:/home/codus/projetos/lynda/Ex_Files_Angular_JS_2_EssT/Exercise Files/MyFiles/node_modules/.bin:/usr/bin:/home/codus/.rvm/gems/ruby-2.3.0/bin:/home/codus/.rvm/gems/ruby-2.3.0@global/bin:/home/codus/.rvm/rubies/ruby-2.3.0/bin:/usr/local/sbin:/usr/local/bin:/usr/sbin:/usr/bin:/sbin:/bin:/usr/games:/usr/local/games:/snap/bin:/home/codus/.rvm/bin:/home/codus/.rvm/bin:/home/codus/.rvm/bin:/home/codus/.rvm/bin:/snap/bin/local/heroku/bin:/home/codus/.rvm/bin:/home/codus/.rvm/bin:/home/codus/.rvm/bin:/home/codus/.rvm/bin:/home/codus/.rvm/bin
10 verbose lifecycle media-watch-list@1.0.0~tsc: CWD: /home/codus/projetos/lynda/Ex_Files_Angular_JS_2_EssT/Exercise Files/MyFiles
11 silly lifecycle media-watch-list@1.0.0~tsc: Args: [ '-c', 'tsc' ]
12 silly lifecycle media-watch-list@1.0.0~tsc: Returned: code: 2  signal: null
13 info lifecycle media-watch-list@1.0.0~tsc: Failed to exec tsc script
14 verbose stack Error: media-watch-list@1.0.0 tsc: `tsc`
14 verbose stack Exit status 2
14 verbose stack     at EventEmitter.<anonymous> (/usr/lib/node_modules/npm/lib/utils/lifecycle.js:239:16)
14 verbose stack     at emitTwo (events.js:100:13)
14 verbose stack     at EventEmitter.emit (events.js:185:7)
14 verbose stack     at ChildProcess.<anonymous> (/usr/lib/node_modules/npm/lib/utils/spawn.js:24:14)
14 verbose stack     at emitTwo (events.js:100:13)
14 verbose stack     at ChildProcess.emit (events.js:185:7)
14 verbose stack     at maybeClose (internal/child_process.js:850:16)
14 verbose stack     at Process.ChildProcess._handle.onexit (internal/child_process.js:215:5)
15 verbose pkgid media-watch-list@1.0.0
16 verbose cwd /home/codus/projetos/lynda/Ex_Files_Angular_JS_2_EssT/Exercise Files/MyFiles
17 error Linux 4.4.0-34-generic
18 error argv "/usr/bin/nodejs" "/usr/bin/npm" "run" "tsc"
19 error node v5.12.0
20 error npm  v3.8.6
21 error code ELIFECYCLE
22 error media-watch-list@1.0.0 tsc: `tsc`
22 error Exit status 2
23 error Failed at the media-watch-list@1.0.0 tsc script 'tsc'.
23 error Make sure you have the latest version of node.js and npm installed.
23 error If you do, this is most likely a problem with the media-watch-list package,
23 error not with npm itself.
23 error Tell the author that this fails on your system:
23 error     tsc
23 error You can get information on how to open an issue for this project with:
23 error     npm bugs media-watch-list
23 error Or if that isn't available, you can get their info via:
23 error     npm owner ls media-watch-list
23 error There is likely additional logging output above.
24 verbose exit [ 1, true ]
